commit e6b47ae8b84f2306c0ef0776fe235503b6c94383 (HEAD -> main, origin/main, origin/HEAD)
Author: kandathilbaby1676 <sherinbabyk@gmail.com>
Date:   Tue Dec 6 00:16:07 2022 -0600

    final fig added

commit 10c58529d5162d779c17518f83416c8183ef7555
Author: kandathilbaby1676 <sherinbabyk@gmail.com>
Date:   Tue Dec 6 00:14:14 2022 -0600

    fig added again

commit e49a23907e8f8c208d852eef60f45c02165d6d4d
Author: kandathilbaby1676 <sherinbabyk@gmail.com>
Date:   Tue Dec 6 00:12:43 2022 -0600

    fig added

commit e14229021b08b115a7ea3ff8cb0f75f3f5fa75bf
Author: kandathilbaby1676 <sherinbabyk@gmail.com>
Date:   Tue Dec 6 00:12:13 2022 -0600

    date merge

commit 41ca9fab3122f1636369d2cdbf57e264627aaa3b
Author: babu2059 <jerrybabu98@gmail.com>
Date:   Tue Dec 6 00:06:37 2022 -0600

    added code

commit ac4d1a12ee4359ea0fa1040961cf93980be910da
Author: babu2059 <jerrybabu98@gmail.com>
Date:   Tue Dec 6 00:03:42 2022 -0600

    code 2

commit b777c8f5fb8ad032d0083421e7b64d5f5afa79f2
Author: babu2059 <jerrybabu98@gmail.com>
Date:   Mon Dec 5 23:58:51 2022 -0600

    TEST

commit aebc4e6b6707965f63f407afc11dc2dc6bebda67
Author: Jerry Babu <jerrybabu98@gmail.com>
Date:   Mon Dec 5 23:10:47 2022 -0600

    change

commit 11cc697dfe76303d862547980c4c6de6b35e4fff
Author: Jerry Babu <jerrybabu98@gmail.com>
Date:   Mon Dec 5 21:45:00 2022 -0600

    ..

commit b99ce8a5302f03189bd260306879a12ce1d6e909
Author: babu2059 <118312641+babu2059@users.noreply.github.com>
Date:   Mon Dec 5 21:15:02 2022 -0600

    Create README.md
(END)